starting build

**********************************************************************

Test build
build project using make

**********************************************************************
Trying to clean project using make clean
make clean
rm -rf mysh
Trying to build project using make
make
gcc -O -Wall -o mysh mysh.c


test build PASSED
 (build project using make)

starting basic

**********************************************************************

Test basic
run a single command with no arguments

**********************************************************************
/tmp/tmp3FpgAn/p/./mysh /afs/cs.wisc.edu/u/b/d/bdavis/public/cs537/tests/2a/basic/in


test basic PASSED
 (run a single command with no arguments)

starting blank

**********************************************************************

Test blank
an empty batch file

**********************************************************************
/tmp/tmp3FpgAn/p/./mysh /afs/cs.wisc.edu/u/b/d/bdavis/public/cs537/tests/2a/blank/in


test blank PASSED
 (an empty batch file)

starting multiline

**********************************************************************

Test multiline
two single line commands

**********************************************************************
/tmp/tmp3FpgAn/p/./mysh /afs/cs.wisc.edu/u/b/d/bdavis/public/cs537/tests/2a/multiline/in


test multiline PASSED
 (two single line commands)

starting parseargs

**********************************************************************

Test parseargs
a command with an argument

**********************************************************************
/tmp/tmp3FpgAn/p/./mysh /afs/cs.wisc.edu/u/b/d/bdavis/public/cs537/tests/2a/parseargs/in


test parseargs PASSED
 (a command with an argument)

starting parseargs2

**********************************************************************

Test parseargs2
a command with many arguments

**********************************************************************
/tmp/tmp3FpgAn/p/./mysh /afs/cs.wisc.edu/u/b/d/bdavis/public/cs537/tests/2a/parseargs2/in


test parseargs2 PASSED
 (a command with many arguments)

starting parseargs3

**********************************************************************

Test parseargs3
successfully parse indirection and background symbols

**********************************************************************
/tmp/tmp3FpgAn/p/./mysh /afs/cs.wisc.edu/u/b/d/bdavis/public/cs537/tests/2a/parseargs3/in


test parseargs3 PASSED
 (successfully parse indirection and background symbols)

starting exit

**********************************************************************

Test exit
the builtin exit command

**********************************************************************
/tmp/tmp3FpgAn/p/./mysh /afs/cs.wisc.edu/u/b/d/bdavis/public/cs537/tests/2a/exit/in


test exit PASSED
 (the builtin exit command)

starting pwd

**********************************************************************

Test pwd
the builtin pwd command

**********************************************************************
/tmp/tmp3FpgAn/p/./mysh /afs/cs.wisc.edu/u/b/d/bdavis/public/cs537/tests/2a/pwd/in


test pwd PASSED
 (the builtin pwd command)

starting cd

**********************************************************************

Test cd
cd with argument

**********************************************************************
/tmp/tmp3FpgAn/p/./mysh /afs/cs.wisc.edu/u/b/d/bdavis/public/cs537/tests/2a/cd/in


test cd PASSED
 (cd with argument)

starting cd2

**********************************************************************

Test cd2
cd without argument

**********************************************************************
/tmp/tmp3FpgAn/p/./mysh /afs/cs.wisc.edu/u/b/d/bdavis/public/cs537/tests/2a/cd2/in


test cd2 PASSED
 (cd without argument)

starting whitespace

**********************************************************************

Test whitespace
serveral commands with extra whitespace

**********************************************************************
/tmp/tmp3FpgAn/p/./mysh /afs/cs.wisc.edu/u/b/d/bdavis/public/cs537/tests/2a/whitespace/in


test whitespace PASSED
 (serveral commands with extra whitespace)

starting whitespace2

**********************************************************************

Test whitespace2
builtin commands with extra whitespace

**********************************************************************
/tmp/tmp3FpgAn/p/./mysh /afs/cs.wisc.edu/u/b/d/bdavis/public/cs537/tests/2a/whitespace2/in


test whitespace2 PASSED
 (builtin commands with extra whitespace)

starting args

**********************************************************************

Test args
too many arguments to mysh

**********************************************************************
/tmp/tmp3FpgAn/p/./mysh /afs/cs.wisc.edu/u/b/d/bdavis/public/cs537/tests/2a/args/in /bogus


test args PASSED
 (too many arguments to mysh)

starting args2

**********************************************************************

Test args2
invalid batch file path

**********************************************************************
/tmp/tmp3FpgAn/p/./mysh /bogus


test args2 PASSED
 (invalid batch file path)

starting longline

**********************************************************************

Test longline
maximum length line

**********************************************************************
/tmp/tmp3FpgAn/p/./mysh /afs/cs.wisc.edu/u/b/d/bdavis/public/cs537/tests/2a/longline/in


test longline PASSED
 (maximum length line)

starting toolong

**********************************************************************

Test toolong
a line that is too long

**********************************************************************
/tmp/tmp3FpgAn/p/./mysh /afs/cs.wisc.edu/u/b/d/bdavis/public/cs537/tests/2a/toolong/in


test toolong PASSED
 (a line that is too long)

starting badprog

**********************************************************************

Test badprog
bad executable path as command

**********************************************************************
/tmp/tmp3FpgAn/p/./mysh /afs/cs.wisc.edu/u/b/d/bdavis/public/cs537/tests/2a/badprog/in


test badprog PASSED
 (bad executable path as command)

starting errout

**********************************************************************

Test errout
a called program produces error output, but no errors from the shell itself

**********************************************************************
/tmp/tmp3FpgAn/p/./mysh /afs/cs.wisc.edu/u/b/d/bdavis/public/cs537/tests/2a/errout/in


test errout PASSED
 (a called program produces error output, but no errors from the shell itself)

starting badcd

**********************************************************************

Test badcd
invalid path to cd

**********************************************************************
/tmp/tmp3FpgAn/p/./mysh /afs/cs.wisc.edu/u/b/d/bdavis/public/cs537/tests/2a/badcd/in


test badcd PASSED
 (invalid path to cd)

starting badpwd

**********************************************************************

Test badpwd
invalid arguments to pwd

**********************************************************************
/tmp/tmp3FpgAn/p/./mysh /afs/cs.wisc.edu/u/b/d/bdavis/public/cs537/tests/2a/badpwd/in


test badpwd PASSED
 (invalid arguments to pwd)

starting badexit

**********************************************************************

Test badexit
invalid arguments to exit

**********************************************************************
/tmp/tmp3FpgAn/p/./mysh /afs/cs.wisc.edu/u/b/d/bdavis/public/cs537/tests/2a/badexit/in


test badexit PASSED
 (invalid arguments to exit)

starting redirect

**********************************************************************

Test redirect
simple redirection using >

**********************************************************************
/tmp/tmp3FpgAn/p/./mysh /afs/cs.wisc.edu/u/b/d/bdavis/public/cs537/tests/2a/redirect/in


test redirect PASSED
 (simple redirection using >)

starting redirect2

**********************************************************************

Test redirect2
redirection and mutiple arguments

**********************************************************************
/tmp/tmp3FpgAn/p/./mysh /afs/cs.wisc.edu/u/b/d/bdavis/public/cs537/tests/2a/redirect2/in


test redirect2 PASSED
 (redirection and mutiple arguments)

starting badredir

**********************************************************************

Test badredir
redirect to invalid path

**********************************************************************
/tmp/tmp3FpgAn/p/./mysh /afs/cs.wisc.edu/u/b/d/bdavis/public/cs537/tests/2a/badredir/in


test badredir PASSED
 (redirect to invalid path)

starting badredir2

**********************************************************************

Test badredir2
redirect to multiple paths

**********************************************************************
/tmp/tmp3FpgAn/p/./mysh /afs/cs.wisc.edu/u/b/d/bdavis/public/cs537/tests/2a/badredir2/in


test badredir2 PASSED
 (redirect to multiple paths)

starting interactive

**********************************************************************

Test interactive
simple command in interactive mode

**********************************************************************
Running mysh with 1 command: see /afs/cs.wisc.edu/u/b/d/bdavis/public/cs537/tests/2a/interactive/in

/tmp/tmp3FpgAn/p/./mysh


test interactive PASSED
 (simple command in interactive mode)

starting interactive2

**********************************************************************

Test interactive2
series of commands in interactive mode

**********************************************************************
Running mysh with several commands: see /afs/cs.wisc.edu/u/b/d/bdavis/public/cs537/tests/2a/interactive2/in

/tmp/tmp3FpgAn/p/./mysh


test interactive2 PASSED
 (series of commands in interactive mode)

starting background

**********************************************************************

Test background
basic background process

**********************************************************************
/tmp/tmp3FpgAn/p/./mysh /afs/cs.wisc.edu/u/b/d/bdavis/public/cs537/tests/2a/background/in


test background PASSED
 (basic background process)

starting background2

**********************************************************************

Test background2
background process followed by wait

**********************************************************************
/tmp/tmp3FpgAn/p/./mysh /afs/cs.wisc.edu/u/b/d/bdavis/public/cs537/tests/2a/background2/in


test background2 PASSED
 (background process followed by wait)

starting background3

**********************************************************************

Test background3
command following wait

**********************************************************************
/tmp/tmp3FpgAn/p/./mysh /afs/cs.wisc.edu/u/b/d/bdavis/public/cs537/tests/2a/background3/in


test background3 PASSED
 (command following wait)

starting background4

**********************************************************************

Test background4
check that wait waits correctly

**********************************************************************
/tmp/tmp3FpgAn/p/./mysh /afs/cs.wisc.edu/u/b/d/bdavis/public/cs537/tests/2a/background4/in
Failure: ./mysh gave incorrect standard output.
Expected: "python ./decho.py 2 delayed &\npython ./decho.py 4 delayedmore &\n/bin/echo now\nnow\nwait\ndelayed\ndelayedmore\n/bin/echo later\nlater\n"
Got:      "python ./decho.py 2 delayed &\npython ./decho.py 4 delayedmore &\n/bin/echo now\nnow\nwait\ndelayed\n/bin/echo later\nlater\ndelayedmore\n"


test background4 FAILED
 (check that wait waits correctly)
 ./mysh gave incorrect standard output.

starting waitnone

**********************************************************************

Test waitnone
wait with no background jobs

**********************************************************************
/tmp/tmp3FpgAn/p/./mysh /afs/cs.wisc.edu/u/b/d/bdavis/public/cs537/tests/2a/waitnone/in


test waitnone PASSED
 (wait with no background jobs)

starting badwait

**********************************************************************

Test badwait
invalid arguments to wait

**********************************************************************
/tmp/tmp3FpgAn/p/./mysh /afs/cs.wisc.edu/u/b/d/bdavis/public/cs537/tests/2a/badwait/in


test badwait PASSED
 (invalid arguments to wait)

starting fun

**********************************************************************

Test fun
test the fun feature (python script)

**********************************************************************
/tmp/tmp3FpgAn/p/./mysh /afs/cs.wisc.edu/u/b/d/bdavis/public/cs537/tests/2a/fun/in


test fun PASSED
 (test the fun feature (python script))

**********************************************************************
Summary:
test build PASSED
 (build project using make)

test basic PASSED
 (run a single command with no arguments)

test blank PASSED
 (an empty batch file)

test multiline PASSED
 (two single line commands)

test parseargs PASSED
 (a command with an argument)

test parseargs2 PASSED
 (a command with many arguments)

test parseargs3 PASSED
 (successfully parse indirection and background symbols)

test exit PASSED
 (the builtin exit command)

test pwd PASSED
 (the builtin pwd command)

test cd PASSED
 (cd with argument)

test cd2 PASSED
 (cd without argument)

test whitespace PASSED
 (serveral commands with extra whitespace)

test whitespace2 PASSED
 (builtin commands with extra whitespace)

test args PASSED
 (too many arguments to mysh)

test args2 PASSED
 (invalid batch file path)

test longline PASSED
 (maximum length line)

test toolong PASSED
 (a line that is too long)

test badprog PASSED
 (bad executable path as command)

test errout PASSED
 (a called program produces error output, but no errors from the shell itself)

test badcd PASSED
 (invalid path to cd)

test badpwd PASSED
 (invalid arguments to pwd)

test badexit PASSED
 (invalid arguments to exit)

test redirect PASSED
 (simple redirection using >)

test redirect2 PASSED
 (redirection and mutiple arguments)

test badredir PASSED
 (redirect to invalid path)

test badredir2 PASSED
 (redirect to multiple paths)

test interactive PASSED
 (simple command in interactive mode)

test interactive2 PASSED
 (series of commands in interactive mode)

test background PASSED
 (basic background process)

test background2 PASSED
 (background process followed by wait)

test background3 PASSED
 (command following wait)

test background4 FAILED
 (check that wait waits correctly)
 ./mysh gave incorrect standard output.

test waitnone PASSED
 (wait with no background jobs)

test badwait PASSED
 (invalid arguments to wait)

test fun PASSED
 (test the fun feature (python script))

Passed 34 of 35 tests.
Overall 34 of 35
